[INFO] Scanning for projects...
[INFO] 
[INFO] -----------------------< com.example:Gamegiaido >-----------------------
[INFO] Building Gamegiaido 0.0.1-SNAPSHOT
[INFO]   from pom.xml
[INFO] --------------------------------[ jar ]---------------------------------
[INFO] 
[INFO] >>> spring-boot:4.0.3:run (default-cli) > test-compile @ Gamegiaido >>>
[INFO] 
[INFO] --- resources:3.3.1:resources (default-resources) @ Gamegiaido ---
[INFO] Copying 5 resources from src\main\resources to target\classes
[INFO] Copying 83 resources from src\main\resources to target\classes
[INFO] 
[INFO] --- compiler:3.14.1:compile (default-compile) @ Gamegiaido ---
[INFO] Nothing to compile - all classes are up to date.
[INFO] 
[INFO] --- resources:3.3.1:testResources (default-testResources) @ Gamegiaido ---
[INFO] skip non existing resourceDirectory C:\Users\minht\EscapeRoom\src\test\resources
[INFO] 
[INFO] --- compiler:3.14.1:testCompile (default-testCompile) @ Gamegiaido ---
[INFO] Nothing to compile - all classes are up to date.
[INFO] 
[INFO] <<< spring-boot:4.0.3:run (default-cli) < test-compile @ Gamegiaido <<<
[INFO] 
[INFO] 
[INFO] --- spring-boot:4.0.3:run (default-cli) @ Gamegiaido ---
[INFO] Attaching agents: []

  .   ____          _            __ _ _
 /\\ / ___'_ __ _ _(_)_ __  __ _ \ \ \ \
( ( )\___ | '_ | '_| | '_ \/ _` | \ \ \ \
 \\/  ___)| |_)| | | | | || (_| |  ) ) ) )
  '  |____| .__|_| |_|_| |_\__, | / / / /
 =========|_|==============|___/=/_/_/_/

 :: Spring Boot ::                (v4.0.3)

2026-03-24T21:33:01.291+07:00  INFO 24880 --- [Gamegiaido] [           main] c.e.gamegiaido.GamegiaidoApplication     : Starting GamegiaidoApplication using Java 22.0.1 with PID 24880 (C:\Users\minht\EscapeRoom\target\classes started by minht in C:\Users\minht\EscapeRoom)
2026-03-24T21:33:01.298+07:00  INFO 24880 --- [Gamegiaido] [           main] c.e.gamegiaido.GamegiaidoApplication     : No active profile set, falling back to 1 default profile: "default"
2026-03-24T21:33:01.816+07:00  INFO 24880 --- [Gamegiaido] [           main] .s.d.r.c.RepositoryConfigurationDelegate : Bootstrapping Spring Data JPA repositories in DEFAULT mode.
2026-03-24T21:33:01.873+07:00  INFO 24880 --- [Gamegiaido] [           main] .s.d.r.c.RepositoryConfigurationDelegate : Finished Spring Data repository scanning in 50 ms. Found 9 JPA repository interfaces.
2026-03-24T21:33:02.293+07:00  INFO 24880 --- [Gamegiaido] [           main] o.s.boot.tomcat.TomcatWebServer          : Tomcat initialized with port 8080 (http)
2026-03-24T21:33:02.304+07:00  INFO 24880 --- [Gamegiaido] [           main] o.apache.catalina.core.StandardService   : Starting service [Tomcat]
2026-03-24T21:33:02.304+07:00  INFO 24880 --- [Gamegiaido] [           main] o.apache.catalina.core.StandardEngine    : Starting Servlet engine: [Apache Tomcat/11.0.18]
2026-03-24T21:33:02.354+07:00  INFO 24880 --- [Gamegiaido] [           main] b.w.c.s.WebApplicationContextInitializer : Root WebApplicationContext: initialization completed in 1020 ms
2026-03-24T21:33:02.493+07:00  INFO 24880 --- [Gamegiaido] [           main] org.hibernate.orm.jpa                    : HHH008540: Processing PersistenceUnitInfo [name: default]
2026-03-24T21:33:02.540+07:00  INFO 24880 --- [Gamegiaido] [           main] org.hibernate.orm.core                   : HHH000001: Hibernate ORM core version 7.2.4.Final
2026-03-24T21:33:02.900+07:00  INFO 24880 --- [Gamegiaido] [           main] o.s.o.j.p.SpringPersistenceUnitInfo      : No LoadTimeWeaver setup: ignoring JPA class transformer
2026-03-24T21:33:02.925+07:00  INFO 24880 --- [Gamegiaido] [           main] com.zaxxer.hikari.HikariDataSource       : HikariPool-1 - Starting...
2026-03-24T21:33:03.068+07:00  INFO 24880 --- [Gamegiaido] [           main] com.zaxxer.hikari.pool.HikariPool        : HikariPool-1 - Added connection conn0: url=jdbc:h2:mem:gamegiaido user=SA
2026-03-24T21:33:03.070+07:00  INFO 24880 --- [Gamegiaido] [           main] com.zaxxer.hikari.HikariDataSource       : HikariPool-1 - Start completed.
2026-03-24T21:33:03.112+07:00  INFO 24880 --- [Gamegiaido] [           main] org.hibernate.orm.connections.pooling    : HHH10001005: Database info:
	Database JDBC URL [jdbc:h2:mem:gamegiaido]
	Database driver: H2 JDBC Driver
	Database dialect: H2Dialect
	Database version: 2.4.240
	Default catalog/schema: GAMEGIAIDO/PUBLIC
	Autocommit mode: undefined/unknown
	Isolation level: READ_COMMITTED [default READ_COMMITTED]
	JDBC fetch size: 100
	Pool: DataSourceConnectionProvider
	Minimum pool size: undefined/unknown
	Maximum pool size: undefined/unknown
2026-03-24T21:33:03.989+07:00  INFO 24880 --- [Gamegiaido] [           main] org.hibernate.orm.core                   : HHH000489: No JTA platform available (set 'hibernate.transaction.jta.platform' to enable JTA platform integration)
Hibernate: create table game_rooms (id bigint generated by default as identity, description varchar(255) not null, mode enum ('QUIZ_ESCAPE_ROOM') not null, name varchar(120) not null, room_order integer not null, topic_id bigint not null, primary key (id))
Hibernate: create table play_histories (id bigint generated by default as identity, played_at timestamp(6) not null, result enum ('LOSE','WIN') not null, score integer not null, player_id bigint not null, room_id bigint not null, primary key (id))
Hibernate: create table player_profiles (id bigint generated by default as identity, display_name varchar(80) not null, total_score integer not null, total_win integer not null, account_id bigint not null, primary key (id))
Hibernate: create table player_room_progresses (id bigint generated by default as identity, collected_items varchar(600) not null, completed boolean not null, current_step integer not null, discovered_clues varchar(1200) not null, result_finalized boolean not null, score integer not null, won boolean, wrong_attempts integer not null, player_id bigint not null, room_id bigint not null, primary key (id))
Hibernate: create table quiz_questions (id bigint generated by default as identity, answer_code varchar(40), clue_text varchar(255), correct_option varchar(1) not null, optiona varchar(255) not null, optionb varchar(255) not null, optionc varchar(255) not null, optiond varchar(255) not null, question_text varchar(255) not null, room_object_id bigint not null, primary key (id))
Hibernate: create table quiz_topics (id bigint generated by default as identity, description varchar(255) not null, name varchar(100) not null, primary key (id))
Hibernate: create table room_key_configs (id bigint generated by default as identity, image_url varchar(500), key_code varchar(80) not null, key_name varchar(120) not null, spot_x integer not null, spot_y integer not null, room_id bigint not null, primary key (id))
Hibernate: create table room_objects (id bigint generated by default as identity, hint varchar(255) not null, hotspot_x integer, hotspot_y integer, lock_type enum ('INTERACTION','QUIZ') not null, locked boolean not null, object_name varchar(120) not null, required_step integer not null, room_id bigint not null, primary key (id))
Hibernate: create table user_accounts (id bigint generated by default as identity, password varchar(255) not null, role enum ('ADMIN','PLAYER') not null, username varchar(50) not null, primary key (id))
Hibernate: alter table if exists player_profiles drop constraint if exists UKpd9li1h9uh2ru46esfdxom21k
Hibernate: alter table if exists player_profiles add constraint UKpd9li1h9uh2ru46esfdxom21k unique (account_id)
Hibernate: alter table if exists player_room_progresses drop constraint if exists uk_player_room
Hibernate: alter table if exists player_room_progresses add constraint uk_player_room unique (player_id, room_id)
Hibernate: alter table if exists quiz_questions drop constraint if exists UK4961q6xp7iqed1rftvpv7qnrq
Hibernate: alter table if exists quiz_questions add constraint UK4961q6xp7iqed1rftvpv7qnrq unique (room_object_id)
Hibernate: alter table if exists quiz_topics drop constraint if exists UKq4yv43owkrk5ke43gp0bhjbx7
Hibernate: alter table if exists quiz_topics add constraint UKq4yv43owkrk5ke43gp0bhjbx7 unique (name)
Hibernate: alter table if exists user_accounts drop constraint if exists UKlxwlgwuy2yrbye2vgs9w9x7mr
Hibernate: alter table if exists user_accounts add constraint UKlxwlgwuy2yrbye2vgs9w9x7mr unique (username)
Hibernate: alter table if exists game_rooms add constraint FK75n8usmcn20hk3aduab9g97e6 foreign key (topic_id) references quiz_topics
Hibernate: alter table if exists play_histories add constraint FKiogx84v0qbrgwvqlatpdd5a9y foreign key (player_id) references player_profiles
Hibernate: alter table if exists play_histories add constraint FK5xjo4ry1vxb3dea1tkckskf35 foreign key (room_id) references game_rooms
Hibernate: alter table if exists player_profiles add constraint FK90qy0103gni0xhy310qed31dm foreign key (account_id) references user_accounts
Hibernate: alter table if exists player_room_progresses add constraint FKottw8eb8l7keffmre8sd9qgn3 foreign key (player_id) references player_profiles
Hibernate: alter table if exists player_room_progresses add constraint FKoeqgb0yhinnll8t0rvlib21ju foreign key (room_id) references game_rooms
Hibernate: alter table if exists quiz_questions add constraint FKar5y615474yv35r4klmntpj6k foreign key (room_object_id) references room_objects
Hibernate: alter table if exists room_key_configs add constraint FK2tyj0yx9lv2u65bbxvxsnyckf foreign key (room_id) references game_rooms
Hibernate: alter table if exists room_objects add constraint FK7akm7cypuhqpfwhseffnd998f foreign key (room_id) references game_rooms
2026-03-24T21:33:04.093+07:00  INFO 24880 --- [Gamegiaido] [           main] j.LocalContainerEntityManagerFactoryBean : Initialized JPA EntityManagerFactory for persistence unit 'default'
2026-03-24T21:33:04.169+07:00  INFO 24880 --- [Gamegiaido] [           main] o.s.d.j.r.query.QueryEnhancerFactories   : Hibernate is in classpath; If applicable, HQL parser will be used.
2026-03-24T21:33:05.098+07:00  WARN 24880 --- [Gamegiaido] [           main] JpaBaseConfiguration$JpaWebConfiguration : spring.jpa.open-in-view is enabled by default. Therefore, database queries may be performed during view rendering. Explicitly configure spring.jpa.open-in-view to disable this warning
2026-03-24T21:33:05.175+07:00  INFO 24880 --- [Gamegiaido] [           main] r$InitializeUserDetailsManagerConfigurer : Global AuthenticationManager configured with UserDetailsService bean with name customUserDetailsService
2026-03-24T21:33:05.627+07:00  WARN 24880 --- [Gamegiaido] [           main] ConfigServletWebServerApplicationContext : Exception encountered during context initialization - cancelling refresh attempt: org.springframework.context.ApplicationContextException: Failed to start bean 'webServerStartStop'
2026-03-24T21:33:05.628+07:00  INFO 24880 --- [Gamegiaido] [           main] j.LocalContainerEntityManagerFactoryBean : Closing JPA EntityManagerFactory for persistence unit 'default'
2026-03-24T21:33:05.630+07:00  INFO 24880 --- [Gamegiaido] [           main] com.zaxxer.hikari.HikariDataSource       : HikariPool-1 - Shutdown initiated...
2026-03-24T21:33:05.632+07:00  INFO 24880 --- [Gamegiaido] [           main] com.zaxxer.hikari.HikariDataSource       : HikariPool-1 - Shutdown completed.
2026-03-24T21:33:05.639+07:00  INFO 24880 --- [Gamegiaido] [           main] .s.b.a.l.ConditionEvaluationReportLogger : 

Error starting ApplicationContext. To display the condition evaluation report re-run your application with 'debug' enabled.
2026-03-24T21:33:05.655+07:00 ERROR 24880 --- [Gamegiaido] [           main] o.s.b.d.LoggingFailureAnalysisReporter   : 

***************************
APPLICATION FAILED TO START
***************************

Description:

Web server failed to start. Port 8080 was already in use.

Action:

Identify and stop the process that's listening on port 8080 or configure this application to listen on another port.

[INFO] ------------------------------------------------------------------------
[INFO] BUILD FAILURE
[INFO] ------------------------------------------------------------------------
[INFO] Total time:  6.576 s
[INFO] Finished at: 2026-03-24T21:33:05+07:00
[INFO] ------------------------------------------------------------------------
[ERROR] Failed to execute goal org.springframework.boot:spring-boot-maven-plugin:4.0.3:run (default-cli) on project Gamegiaido: Process terminated with exit code: 1 -> [Help 1]
[ERROR] 
[ERROR] To see the full stack trace of the errors, re-run Maven with the -e switch.
[ERROR] Re-run Maven using the -X switch to enable full debug logging.
[ERROR] 
[ERROR] For more information about the errors and possible solutions, please read the following articles:
[ERROR] [Help 1] http://cwiki.apache.org/confluence/display/MAVEN/MojoExecutionException
